Path: /desa12/svn/XXADECUSTOMS
Working Copy Root Path: /desa12/svn/XXADECUSTOMS
URL: https://ad-ar-dat-or-01.adeco.net.ar:8443/svn/XXADECUSTOMS
Repository Root: https://ad-ar-dat-or-01.adeco.net.ar:8443/svn/XXADECUSTOMS
Repository UUID: 4a015035-0a93-5c48-9a58-f2e00ef8f5c2
Revision: 9316
Node Kind: directory
Schedule: normal
Last Changed Author: ADECO_DEV
Last Changed Rev: 9316
Last Changed Date: 2020-01-13 17:22:15 -0300 (Mon, 13 Jan 2020)

+---------------------------------------------------------------------------+
 Comenzando con el proceso de resguardo

+---------------------------------------------------------------------------+
 Resguardando la solucion realizada en CR2555

 Cantidad de objetos tipo XX_ADE_CUSTOM_HEADER => 1
+---------------------------------------------------------------------------+
Application Object Library: Version : 12.2

Copyright (c) 1998, 2013, Oracle and/or its affiliates. All rights reserved.

FNDLOAD: Generic Loader
+---------------------------------------------------------------------------+

Current system time is 09-JUL-2020 13:16:14

+---------------------------------------------------------------------------+

Downloading XX_ADE_CUSTOM_HEADER to the data file CR2555_10039.ldt
Downloaded XX_ADE_CUSTOM_HEADER 9574

+---------------------------------------------------------------------------+
Concurrent request completed successfully
Current system time is 09-JUL-2020 13:16:15

+---------------------------------------------------------------------------+

+---------------------------------------------------------------------------+
 Resguardando el objeto REPORTS- XXOMTICKBAL 

-rw-r--r--. 1 apdadagi dbdadagi 224K Jul 9 13:16 XXOMTICKBAL.rdf
+---------------------------------------------------------------------------+
 Fin del proceso de resguardo

+---------------------------------------------------------------------------+
 Comenzando con el proceso de actualizacion 


+---------------------------------------------------------------------------+
+---------------------------------------------------------------------------+
 Actualizando el objeto REPORTS- XXOMTICKBAL 

-rw-r--r--. 1 apdadagi dbdadagi 264K Jul 9 13:16 /ua1001/fs1/EBSapps/appl/xbol/12.0.0/reports/US/XXOMTICKBAL.rdf
Sending        desa12/svn/XXADECUSTOMS/xbol/12.0.0/reports/US/XXOMTICKBAL.rdf
Transmitting file data .
Committed revision 10395.
+---------------------------------------------------------------------------+
 Actualizando el objeto REPORTS- XXOMTICKBAL 

+---------------------------------------------------------------------------+
 Actualizando la solucion realizada en CR2555

 Cantidad de objetos tipo XX_ADE_CUSTOM_HEADER => 1
+---------------------------------------------------------------------------+
Application Object Library: Version : 12.2

Copyright (c) 1998, 2013, Oracle and/or its affiliates. All rights reserved.

FNDLOAD: Generic Loader
+---------------------------------------------------------------------------+

Current system time is 09-JUL-2020 13:16:16

+---------------------------------------------------------------------------+

Uploading from the data file /ua1001/fs_ne/ADECO/patch/CR2555/CR2555_20200709/CR2555/INSTALL/xbol/12.0.0/FNDLOAD/CUSTOM/CR2555_10039.ldt
Altering database NLS_LANGUAGE environment to AMERICAN
Dump from LCT/LDT files (/ua1001/fs1/EBSapps/appl/fnd/12.0.0/patch/115/import/xxadecustom.lct(11.5.2), /ua1001/fs_ne/ADECO/patch/CR2555/CR2555_20200709/CR2555/INSTALL/xbol/12.0.0/FNDLOAD/CUSTOM/CR2555_10039.ldt) to stage tables
Dump LCT file /ua1001/fs1/EBSapps/appl/fnd/12.0.0/patch/115/import/xxadecustom.lct(11.5.2) into FND_SEED_STAGE_CONFIG
Dump LDT file /ua1001/fs_ne/ADECO/patch/CR2555/CR2555_20200709/CR2555/INSTALL/xbol/12.0.0/FNDLOAD/CUSTOM/CR2555_10039.ldt into FND_SEED_STAGE_ENTITY
Dumped the batch (XX_ADE_CUSTOM_HEADER 10039 , XX_ADE_CUSTOM_LINES 10039 ) into FND_SEED_STAGE_ENTITY
Upload from stage tables

+---------------------------------------------------------------------------+
Concurrent request completed successfully
Current system time is 09-JUL-2020 13:16:21

+---------------------------------------------------------------------------+


+---------------------------------------------------------------------------+
 Fin del proceso de actualizacion

