SQL> /

OWNER		     OBJECT_NAME		    OBJECT_TYPE 		   CREATED   UPDATED   STATUS
-------------------- ------------------------------ ------------------------------ --------- --------- -------
UNIVERSE	     SYN_FUNCAO_WEB_CUSTOM	    TABLE			   21-SEP-20 21-SEP-20 VALID


SQL> -----------------------------
--- SHOW OBJECT STRUCTURE ---
-----------------------------

  CREATE TABLE "UNIVERSE"."SYN_FUNCAO_WEB_CUSTOM"
   (	"SYN_FUNCAO" VARCHAR2(50) NOT NULL ENABLE,
	"SYN_FUNCAO_PAI" VARCHAR2(50),
	"NOME" VARCHAR2(2000),
	"DESCRICAO" VARCHAR2(4000),
	"SISTEMA" VARCHAR2(12),
	"FUN_TIPO" VARCHAR2(6),
	"EXECUTAVEL" VARCHAR2(255),
	"TABELA_BASE" VARCHAR2(40),
	"LEVEL_CODE" VARCHAR2(40),
	"PICTURE" NUMBER,
	"COMPONENT_NAME" VARCHAR2(50),
	"COMPONENT_URL" VARCHAR2(2000),
	"DESCRICAO_EN" VARCHAR2(4000),
	"DESCRICAO_ES" VARCHAR2(4000),
	"NOME_EN" VARCHAR2(2000),
	"NOME_ES" VARCHAR2(2000),
	"MSG_CONFIRMACAO" VARCHAR2(2000),
	"CLIENT_SCRIPT" VARCHAR2(2000),
	"LIBERADO_FLAG" VARCHAR2(2) DEFAULT 'F' NOT NULL ENABLE,
	"NOVA_FUNCIONALIDADE" VARCHAR2(2) DEFAULT 'S',
	"CLIENTE" VARCHAR2(200),
	 CONSTRAINT "XPKSYN_ITEM_CUSTOM" PRIMARY KEY ("SYN_FUNCAO")
  USING INDEX PCTFREE 10 INITRANS 2 MAXTRANS 255 COMPUTE STATISTICS
  TABLESPACE "UNIVERSEDAD"  ENABLE
   ) SEGMENT CREATION DEFERRED
  PCTFREE 10 PCTUSED 40 INITRANS 1 MAXTRANS 255
 NOCOMPRESS LOGGING
  TABLESPACE "UNIVERSEDAD"



SQL> alter session set current_schema=UNIVERSE;

Session altered.

SQL> INSERT INTO syn_funcao_web_custom (SYN_FUNCAO,SYN_FUNCAO_PAI,NOME,DESCRICAO,SISTEMA,FUN_TIPO,EXECUTAVEL,TABELA_BASE,LEVEL_CODE,PICTURE,COMPONENT_NAME,COMPONENT_URL,DESCRICAO_EN,DESCRICAO_ES,NOME_EN,NOME_ES,MSG_CONFIRMACAO,CLIENT_SCRIPT,LIBERADO_FLAG,NOVA_FUNCIONALIDADE,CLIENTE)
VALUES('SS_SAE_RELATORIO','SS_RELATORIOS','Relatórios Santo Antonio Energia',NULL,NULL,'S',NULL,NULL,'90.14',0,NULL,NULL,NULL,NULL,NULL,NULL,NULL,NULL,'F','S','SAE');

1 row created.

SQL> SQL>
SQL> INSERT INTO syn_funcao_web_custom (SYN_FUNCAO,SYN_FUNCAO_PAI,NOME,DESCRICAO,SISTEMA,FUN_TIPO,EXECUTAVEL,TABELA_BASE,LEVEL_CODE,PICTURE,COMPONENT_NAME,COMPONENT_URL,DESCRICAO_EN,DESCRICAO_ES,NOME_EN,NOME_ES,MSG_CONFIRMACAO,CLIENT_SCRIPT,LIBERADO_FLAG,NOVA_FUNCIONALIDADE,CLIENTE)
VALUES('SS_SAE_CONTROLE_COVENANTS','SS_SAE_RELATORIO','Controle de Covenants',NULL,NULL,'T',NULL,NULL,'90.14.01',0,NULL,'Mod_Custom/ss_sae_controle_covenants/sae_controle_covenants.aspx','Covenants Control',NULL,'Covenants Control',NULL,NULL,NULL,'F','S','SAE');

1 row created.

SQL> COMMIT;

Commit complete.

SQL>
SQL>
